<?xml version="1.0" encoding="UTF-8"?>
<!-- Generated by org.testng.reporters.JUnitXMLReporter -->
<testsuite ignored="0" hostname="94N0PT2" failures="0" tests="4" name="Default test" time="0.038" errors="0" timestamp="06 Jun 2021 08:39:38 GMT">
  <testcase classname="com.tests.SwagLabsTests" name="launchApp" time="0.01"/>
  <testcase classname="com.tests.SwagLabsTests" name="sort" time="0.002"/>
  <testcase classname="com.tests.SwagLabsTests" name="selectAProduct" time="0.001"/>
  <testcase classname="com.tests.SwagLabsTests" name="goToAboutPage" time="0.001"/>
</testsuite> <!-- Default test -->
